This is pdfTeX, Version 3.14159265-2.6-1.40.20 (MiKTeX 2.9.7250 64-bit) (preloaded format=pdflatex 2020.2.6)  6 FEB 2020 15:27
entering extended mode
**./a.tex
(a.tex
LaTeX2e <2019-10-01> patch level 3
("C:\Program Files\MiKTeX 2.9\tex/latex/base\article.cls"
Document Class: article 2019/10/25 v1.4k Standard LaTeX document class
("C:\Program Files\MiKTeX 2.9\tex/latex/base\size10.clo"
File: size10.clo 2019/10/25 v1.4k Standard LaTeX file (size option)
)
\c@part=\count80
\c@section=\count81
\c@subsection=\count82
\c@subsubsection=\count83
\c@paragraph=\count84
\c@subparagraph=\count85
\c@figure=\count86
\c@table=\count87
\abovecaptionskip=\skip41
\belowcaptionskip=\skip42
\bibindent=\dimen102
)
("C:\Program Files\MiKTeX 2.9\tex/latex/graphics\lscape.sty"
Package: lscape 2000/10/22 v3.01 Landscape Pages (DPC)

("C:\Program Files\MiKTeX 2.9\tex/latex/graphics\graphics.sty"
Package: graphics 2019/11/01 v1.3d Standard LaTeX Graphics (DPC,SPQR)

("C:\Program Files\MiKTeX 2.9\tex/latex/graphics\trig.sty"
Package: trig 2016/01/03 v1.10 sin cos tan (DPC)
)
("C:\Program Files\MiKTeX 2.9\tex/latex/graphics-cfg\graphics.cfg"
File: graphics.cfg 2016/06/04 v1.11 sample graphics configuration
)
Package graphics Info: Driver file: pdftex.def on input line 105.

("C:\Program Files\MiKTeX 2.9\tex/latex/graphics-def\pdftex.def"
File: pdftex.def 2018/01/08 v1.0l Graphics/color driver for pdftex
))) (a.aux)
\openout1 = `a.aux'.

LaTeX Font Info:    Checking defaults for OML/cmm/m/it on input line 5.
LaTeX Font Info:    ... okay on input line 5.
LaTeX Font Info:    Checking defaults for T1/cmr/m/n on input line 5.
LaTeX Font Info:    ... okay on input line 5.
LaTeX Font Info:    Checking defaults for OT1/cmr/m/n on input line 5.
LaTeX Font Info:    ... okay on input line 5.
LaTeX Font Info:    Checking defaults for OMS/cmsy/m/n on input line 5.
LaTeX Font Info:    ... okay on input line 5.
LaTeX Font Info:    Checking defaults for OMX/cmex/m/n on input line 5.
LaTeX Font Info:    ... okay on input line 5.
LaTeX Font Info:    Checking defaults for U/cmr/m/n on input line 5.
LaTeX Font Info:    ... okay on input line 5.

("C:\Program Files\MiKTeX 2.9\tex/context/base/mkii\supp-pdf.mkii"
[Loading MPS to PDF converter (version 2006.09.02).]
\scratchcounter=\count88
\scratchdimen=\dimen103
\scratchbox=\box27
\nofMPsegments=\count89
\nofMParguments=\count90
\everyMPshowfont=\toks14
\MPscratchCnt=\count91
\MPscratchDim=\dimen104
\MPnumerator=\count92
\makeMPintoPDFobject=\count93
\everyMPtoPDFconversion=\toks15
) ("C:\Program Files\MiKTeX 2.9\tex/latex/epstopdf-pkg\epstopdf-base.sty"
Package: epstopdf-base 2019/11/24 v2.7 Base part for package epstopdf

("C:\Program Files\MiKTeX 2.9\tex/generic/oberdiek\infwarerr.sty"
Package: infwarerr 2016/05/16 v1.4 Providing info/warning/error messages (HO)
)
("C:\Program Files\MiKTeX 2.9\tex/latex/oberdiek\grfext.sty"
Package: grfext 2016/05/16 v1.2 Manage graphics extensions (HO)

("C:\Program Files\MiKTeX 2.9\tex/generic/oberdiek\kvdefinekeys.sty"
Package: kvdefinekeys 2016/05/16 v1.4 Define keys (HO)

("C:\Program Files\MiKTeX 2.9\tex/generic/oberdiek\ltxcmds.sty"
Package: ltxcmds 2016/05/16 v1.23 LaTeX kernel commands for general use (HO)
)))
("C:\Program Files\MiKTeX 2.9\tex/latex/oberdiek\kvoptions.sty"
Package: kvoptions 2016/05/16 v3.12 Key value format for package options (HO)

("C:\Program Files\MiKTeX 2.9\tex/latex/graphics\keyval.sty"
Package: keyval 2014/10/28 v1.15 key=value parser (DPC)
\KV@toks@=\toks16
)
("C:\Program Files\MiKTeX 2.9\tex/generic/oberdiek\kvsetkeys.sty"
Package: kvsetkeys 2016/05/16 v1.17 Key value parser (HO)

("C:\Program Files\MiKTeX 2.9\tex/generic/oberdiek\etexcmds.sty"
Package: etexcmds 2016/05/16 v1.6 Avoid name clashes with e-TeX commands (HO)

("C:\Program Files\MiKTeX 2.9\tex/generic/iftex\ifluatex.sty"
Package: ifluatex 2019/10/25 v1.5 ifluatex legacy package. Use iftex instead.

("C:\Program Files\MiKTeX 2.9\tex/generic/iftex\iftex.sty"
Package: iftex 2019/11/07 v1.0c TeX engine tests
)))))
("C:\Program Files\MiKTeX 2.9\tex/latex/pdftexcmds\pdftexcmds.sty"
Package: pdftexcmds 2019/11/24 v0.31 Utility functions of pdfTeX for LuaTeX (HO
)
Package pdftexcmds Info: \pdf@primitive is available.
Package pdftexcmds Info: \pdf@ifprimitive is available.
Package pdftexcmds Info: \pdfdraftmode found.
)
Package epstopdf-base Info: Redefining graphics rule for `.eps' on input line 4
42.
Package grfext Info: Graphics extension search list:
(grfext)             [.pdf,.png,.jpg,.mps,.jpeg,.jbig2,.jb2,.PDF,.PNG,.JPG,.JPE
G,.JBIG2,.JB2,.eps]
(grfext)             \AppendGraphicsExtensions on input line 460.
)
LaTeX Font Info:    External font `cmex10' loaded for size
(Font)              <7> on input line 8.
LaTeX Font Info:    External font `cmex10' loaded for size
(Font)              <5> on input line 8.

Overfull \hbox (44.05664pt too wide) in paragraph at lines 8--19
[][] 
 []

[1


{C:/Users/z3276872/AppData/Local/MiKTeX/2.9/pdftex/config/pdftex.map}] (a.aux) 
) 
Here is how much of TeX's memory you used:
 1432 strings out of 492484
 20173 string characters out of 3131043
 86182 words of memory out of 3000000
 5797 multiletter control sequences out of 15000+200000
 3640 words of font info for 14 fonts, out of 3000000 for 9000
 1141 hyphenation exceptions out of 8191
 55i,6n,32p,293b,127s stack positions out of 5000i,500n,10000p,200000b,50000s
<C:/Program Files/MiKTeX 2.9/fonts/type1/public/amsfonts/cm/cmr10.pfb>
Output written on a.pdf (1 page, 15317 bytes).
PDF statistics:
 10 PDF objects out of 1000 (max. 8388607)
 0 named destinations out of 1000 (max. 500000)
 1 words of extra memory for PDF output out of 10000 (max. 10000000)

